[INFO] Scanning for projects...
[INFO]                                                                         
[INFO] ------------------------------------------------------------------------
[INFO] Building ShrinkWrap Descriptors CLI 1.2.0-alpha-2-SNAPSHOT
[INFO] ------------------------------------------------------------------------
[WARNING] The artifact saxon:saxon:jar:8.7 has been relocated to net.sf.saxon:saxon:jar:8.7
[INFO] 
[INFO] --- maven-clean-plugin:2.3:clean (default-clean) @ shrinkwrap-descriptors-cli ---
[INFO] Deleting file set: /home/bfr/shrinkdesc/SHRINKDESC-93/descriptors/cli/target (included: [**], excluded: [])
[INFO] 
[INFO] --- maven-enforcer-plugin:1.0-beta-1:enforce (enforce-plugin-versions) @ shrinkwrap-descriptors-cli ---
[WARNING] This rule is not compatible with the current version of Maven. The rule is not able to perform any checks.
[INFO] 
[INFO] --- maven-enforcer-plugin:1.0-beta-1:enforce (enforce-java-version) @ shrinkwrap-descriptors-cli ---
[INFO] 
[INFO] --- maven-enforcer-plugin:1.0-beta-1:enforce (enforce-maven-version) @ shrinkwrap-descriptors-cli ---
[INFO] 
[INFO] --- maven-enforcer-plugin:1.0-beta-1:enforce (enforce-maven-environment) @ shrinkwrap-descriptors-cli ---
[INFO] 
[INFO] --- build-helper-maven-plugin:1.7:add-source (add-source) @ shrinkwrap-descriptors-cli ---
[INFO] Source directory: /home/bfr/shrinkdesc/SHRINKDESC-93/descriptors/cli/target/ironjacamar/src/main/java added.
[INFO] 
[INFO] --- maven-resources-plugin:2.4.1:resources (default-resources) @ shrinkwrap-descriptors-cli ---
[INFO] Using 'UTF-8' encoding to copy filtered resources.
[INFO] Copying 4 resources
[INFO] 
[INFO] --- maven-compiler-plugin:2.3.2:compile (default-compile) @ shrinkwrap-descriptors-cli ---
[INFO] Compiling 5 source files to /home/bfr/shrinkdesc/SHRINKDESC-93/descriptors/cli/target/classes
[INFO] 
[INFO] --- build-helper-maven-plugin:1.7:add-test-source (add-test-source) @ shrinkwrap-descriptors-cli ---
[INFO] Test Source directory: /home/bfr/shrinkdesc/SHRINKDESC-93/descriptors/cli/target/ironjacamar/src/test/java added.
[INFO] 
[INFO] --- maven-resources-plugin:2.4.1:testResources (default-testResources) @ shrinkwrap-descriptors-cli ---
[INFO] Using 'UTF-8' encoding to copy filtered resources.
[INFO] Copying 12 resources
[INFO] 
[INFO] --- maven-compiler-plugin:2.3.2:testCompile (default-testCompile) @ shrinkwrap-descriptors-cli ---
[INFO] Compiling 1 source file to /home/bfr/shrinkdesc/SHRINKDESC-93/descriptors/cli/target/test-classes
[INFO] 
[INFO] --- maven-surefire-plugin:2.4.3:test (default-test) @ shrinkwrap-descriptors-cli ---
[INFO] Surefire report directory: /home/bfr/shrinkdesc/SHRINKDESC-93/descriptors/cli/target/surefire-reports

-------------------------------------------------------
 T E S T S
-------------------------------------------------------
There are no tests to run.

Results :

Tests run: 0, Failures: 0, Errors: 0, Skipped: 0

[INFO] 
[INFO] >>> exec-maven-plugin:1.1.1:java (default) @ shrinkwrap-descriptors-cli >>>
[WARNING] The artifact saxon:saxon:jar:8.7 has been relocated to net.sf.saxon:saxon:jar:8.7
[INFO] 
[INFO] --- maven-enforcer-plugin:1.0-beta-1:enforce (enforce-plugin-versions) @ shrinkwrap-descriptors-cli ---
[WARNING] This rule is not compatible with the current version of Maven. The rule is not able to perform any checks.
[INFO] 
[INFO] --- maven-enforcer-plugin:1.0-beta-1:enforce (enforce-java-version) @ shrinkwrap-descriptors-cli ---
[INFO] 
[INFO] --- maven-enforcer-plugin:1.0-beta-1:enforce (enforce-maven-version) @ shrinkwrap-descriptors-cli ---
[INFO] 
[INFO] --- maven-enforcer-plugin:1.0-beta-1:enforce (enforce-maven-environment) @ shrinkwrap-descriptors-cli ---
[INFO] 
[INFO] <<< exec-maven-plugin:1.1.1:java (default) @ shrinkwrap-descriptors-cli <<<
[INFO] 
[INFO] --- exec-maven-plugin:1.1.1:java (default) @ shrinkwrap-descriptors-cli ---
11:08:22,682 INFO   - Temporary directory doesn't exist. Creating: /home/bfr/shrinkdesc/SHRINKDESC-93/descriptors/cli/target/ironjacamar
11:08:22,685 INFO   - Temporary directory doesn't exist. Creating: /home/bfr/shrinkdesc/SHRINKDESC-93/descriptors/cli/target/ironjacamar/xslt
11:08:22,685 INFO   - Temporary directory doesn't exist. Creating: /home/bfr/shrinkdesc/SHRINKDESC-93/descriptors/cli/target/ironjacamar/lib
Warning: at xsl:variable on line 1017 of file:/home/bfr/shrinkdesc/SHRINKDESC-93/descriptors/cli/../gen/src/main/resources/xslt/metadata.xsl:
  SXWN9001: A variable with no following sibling instructions has no effect
Warning: on line 407 of file:/home/bfr/shrinkdesc/SHRINKDESC-93/descriptors/cli/../gen/src/main/resources/xslt/metadata.xsl:
  The child axis starting at an attribute() node will never select anything
Recoverable error on line 28 of file:/home/bfr/shrinkdesc/SHRINKDESC-93/descriptors/cli/../gen/src/main/resources/xslt/metadata.xsl:
  FODC0005: java.io.FileNotFoundException:
  /home/bfr/shrinkdesc/SHRINKDESC-93/descriptors/cli/gen/src/main/resources/xslt/copyright.xml (No such file or directory)
Recoverable error on line 45 of file:/home/bfr/shrinkdesc/SHRINKDESC-93/descriptors/cli/../gen/src/main/resources/xslt/metadata.xsl:
  FODC0005: java.io.FileNotFoundException:
  /home/bfr/shrinkdesc/SHRINKDESC-93/descriptors/cli/src/test/resources/xml/contributors.xml
  (No such file or directory)
Metadata describing enum: transaction-supportType
Metadata describing enum: transaction-isolationType
Metadata describing enum: track-statementsType
Metadata describing enum: transaction-supportType
Metadata describing group: common-attribute
Metadata describing group: common-datasourceAttributes
Metadata describing group: common-attribute
Generating Enum: TransactionSupportType
Generating Enum: TransactionIsolationType
Generating Enum: TrackStatementsType
Generating Enum: TransactionSupportType
Generating Interface: ConfigPropertyType
Generating Interface: IronjacamarType
Generating Interface: AdminObjectType
Generating Interface: TimeoutType
Generating Interface: ValidationType
Generating Interface: ConnectionDefinitionsType
Generating Interface: ConnectionDefintionType
Generating Interface: PoolType
Generating Interface: XaPoolType
Generating Interface: SecurityType
Generating Interface: AdminObjectsType
Generating Interface: BeanValidationGroupsType
Generating Interface: RecoverType
Generating Interface: ExtensionType
Generating Interface: CredentialType
Generating Interface: DatasourcesType
Generating Interface: DatasourceType
Generating Interface: XaDatasourceType
Generating Interface: XaDatasourcePropertyType
Generating Interface: ConnectionPropertyType
Generating Interface: ValidationType
Generating Interface: TimeoutType
Generating Interface: StatementType
Generating Interface: PoolType
Generating Interface: XaPoolType
Generating Interface: DsSecurityType
Generating Interface: ExtensionType
Generating Interface: ConfigPropertyType
Generating Interface: RecoverType
Generating Interface: DriverType
Generating Interface: DriversType
Generating Interface: ConfigPropertyType
Generating Interface: ResourceAdapterType
Generating Interface: AdminObjectType
Generating Interface: TimeoutType
Generating Interface: ValidationType
Generating Interface: ResourceAdaptersType
Generating Interface: ConnectionDefinitionsType
Generating Interface: ConnectionDefintionType
Generating Interface: PoolType
Generating Interface: XaPoolType
Generating Interface: SecurityType
Generating Interface: AdminObjectsType
Generating Interface: BeanValidationGroupsType
Generating Interface: RecoverType
Generating Interface: ExtensionType
Generating Interface: CredentialType
Generating Descriptor Api: IronjacamarDescriptor
Generating Descriptor Api: DatasourcesDescriptor
Generating Descriptor Api: ResourceAdaptersDescriptor
Generating DescriptorImpl: IronjacamarDescriptorImpl
Generating DescriptorImpl: DatasourcesDescriptorImpl
Generating DescriptorImpl: ResourceAdaptersDescriptorImpl
Generating Implementation Class: ConfigPropertyTypeImpl
Generating Implementation Class: IronjacamarTypeImpl
Generating Implementation Class: AdminObjectTypeImpl
Generating Implementation Class: TimeoutTypeImpl
Generating Implementation Class: ValidationTypeImpl
Generating Implementation Class: ConnectionDefinitionsTypeImpl
Generating Implementation Class: ConnectionDefintionTypeImpl
Generating Implementation Class: PoolTypeImpl
Generating Implementation Class: XaPoolTypeImpl
Generating Implementation Class: SecurityTypeImpl
Generating Implementation Class: AdminObjectsTypeImpl
Generating Implementation Class: BeanValidationGroupsTypeImpl
Generating Implementation Class: RecoverTypeImpl
Generating Implementation Class: ExtensionTypeImpl
Generating Implementation Class: CredentialTypeImpl
Generating Implementation Class: DatasourcesTypeImpl
Generating Implementation Class: DatasourceTypeImpl
Generating Implementation Class: XaDatasourceTypeImpl
Generating Implementation Class: XaDatasourcePropertyTypeImpl
Generating Implementation Class: ConnectionPropertyTypeImpl
Generating Implementation Class: ValidationTypeImpl
Generating Implementation Class: TimeoutTypeImpl
Generating Implementation Class: StatementTypeImpl
Generating Implementation Class: PoolTypeImpl
Generating Implementation Class: XaPoolTypeImpl
Generating Implementation Class: DsSecurityTypeImpl
Generating Implementation Class: ExtensionTypeImpl
Generating Implementation Class: ConfigPropertyTypeImpl
Generating Implementation Class: RecoverTypeImpl
Generating Implementation Class: DriverTypeImpl
Generating Implementation Class: DriversTypeImpl
Generating Implementation Class: ConfigPropertyTypeImpl
Generating Implementation Class: ResourceAdapterTypeImpl
Generating Implementation Class: AdminObjectTypeImpl
Generating Implementation Class: TimeoutTypeImpl
Generating Implementation Class: ValidationTypeImpl
Generating Implementation Class: ResourceAdaptersTypeImpl
Generating Implementation Class: ConnectionDefinitionsTypeImpl
Generating Implementation Class: ConnectionDefintionTypeImpl
Generating Implementation Class: PoolTypeImpl
Generating Implementation Class: XaPoolTypeImpl
Generating Implementation Class: SecurityTypeImpl
Generating Implementation Class: AdminObjectsTypeImpl
Generating Implementation Class: BeanValidationGroupsTypeImpl
Generating Implementation Class: RecoverTypeImpl
Generating Implementation Class: ExtensionTypeImpl
Generating Implementation Class: CredentialTypeImpl
Generating Test Class: ConfigPropertyTypeImplTestCase
Generating Test Class: IronjacamarTypeImplTestCase
Generating Test Class: AdminObjectTypeImplTestCase
Generating Test Class: TimeoutTypeImplTestCase
Generating Test Class: ValidationTypeImplTestCase
Generating Test Class: ConnectionDefinitionsTypeImplTestCase
Generating Test Class: ConnectionDefintionTypeImplTestCase
Generating Test Class: PoolTypeImplTestCase
Generating Test Class: XaPoolTypeImplTestCase
Generating Test Class: SecurityTypeImplTestCase
Generating Test Class: AdminObjectsTypeImplTestCase
Generating Test Class: BeanValidationGroupsTypeImplTestCase
Generating Test Class: RecoverTypeImplTestCase
Generating Test Class: ExtensionTypeImplTestCase
Generating Test Class: CredentialTypeImplTestCase
Generating Test Class: DatasourcesTypeImplTestCase
Generating Test Class: DatasourceTypeImplTestCase
Generating Test Class: XaDatasourceTypeImplTestCase
Generating Test Class: XaDatasourcePropertyTypeImplTestCase
Generating Test Class: ConnectionPropertyTypeImplTestCase
Generating Test Class: ValidationTypeImplTestCase
Generating Test Class: TimeoutTypeImplTestCase
Generating Test Class: StatementTypeImplTestCase
Generating Test Class: PoolTypeImplTestCase
Generating Test Class: XaPoolTypeImplTestCase
Generating Test Class: DsSecurityTypeImplTestCase
Generating Test Class: ExtensionTypeImplTestCase
Generating Test Class: ConfigPropertyTypeImplTestCase
Generating Test Class: RecoverTypeImplTestCase
Generating Test Class: DriverTypeImplTestCase
Generating Test Class: DriversTypeImplTestCase
Generating Test Class: ConfigPropertyTypeImplTestCase
Generating Test Class: ResourceAdapterTypeImplTestCase
Generating Test Class: AdminObjectTypeImplTestCase
Generating Test Class: TimeoutTypeImplTestCase
Generating Test Class: ValidationTypeImplTestCase
Generating Test Class: ResourceAdaptersTypeImplTestCase
Generating Test Class: ConnectionDefinitionsTypeImplTestCase
Generating Test Class: ConnectionDefintionTypeImplTestCase
Generating Test Class: PoolTypeImplTestCase
Generating Test Class: XaPoolTypeImplTestCase
Generating Test Class: SecurityTypeImplTestCase
Generating Test Class: AdminObjectsTypeImplTestCase
Generating Test Class: BeanValidationGroupsTypeImplTestCase
Generating Test Class: RecoverTypeImplTestCase
Generating Test Class: ExtensionTypeImplTestCase
Generating Test Class: CredentialTypeImplTestCase
Generating Test Class: IronjacamarDescriptorImplTestCase
Generating Test Class: DatasourcesDescriptorImplTestCase
Generating Test Class: ResourceAdaptersDescriptorImplTestCase
Generating api package-info: src/main/java/org/jboss/shrinkwrap/descriptor/api/ironjacamar10/package-info.java
Generating api package-info: src/main/java/org/jboss/shrinkwrap/descriptor/api/datasources10/package-info.java
Generating api package-info: src/main/java/org/jboss/shrinkwrap/descriptor/api/resourceadapters10/package-info.java
Generating impl package-info: src/main/java/org/jboss/shrinkwrap/descriptor/impl/ironjacamar10/package-info.java
Generating impl package-info: src/main/java/org/jboss/shrinkwrap/descriptor/impl/datasources10/package-info.java
Generating impl package-info: src/main/java/org/jboss/shrinkwrap/descriptor/impl/resourceadapters10/package-info.java
[INFO] 
[INFO] --- maven-jar-plugin:2.2:jar (default-jar) @ shrinkwrap-descriptors-cli ---
[INFO] Building jar: /home/bfr/shrinkdesc/SHRINKDESC-93/descriptors/cli/target/shrinkwrap-descriptors-cli-1.2.0-alpha-2-SNAPSHOT.jar
[INFO] 
[INFO] --- maven-source-plugin:2.1.1:jar-no-fork (attach-sources) @ shrinkwrap-descriptors-cli ---
[INFO] Building jar: /home/bfr/shrinkdesc/SHRINKDESC-93/descriptors/cli/target/shrinkwrap-descriptors-cli-1.2.0-alpha-2-SNAPSHOT-sources.jar
[INFO] 
[INFO] --- maven-install-plugin:2.3:install (default-install) @ shrinkwrap-descriptors-cli ---
[INFO] Installing /home/bfr/shrinkdesc/SHRINKDESC-93/descriptors/cli/target/shrinkwrap-descriptors-cli-1.2.0-alpha-2-SNAPSHOT.jar to /home/bfr/.m2/repository/org/jboss/shrinkwrap/descriptors/shrinkwrap-descriptors-cli/1.2.0-alpha-2-SNAPSHOT/shrinkwrap-descriptors-cli-1.2.0-alpha-2-SNAPSHOT.jar
[INFO] Installing /home/bfr/shrinkdesc/SHRINKDESC-93/descriptors/cli/pom.xml to /home/bfr/.m2/repository/org/jboss/shrinkwrap/descriptors/shrinkwrap-descriptors-cli/1.2.0-alpha-2-SNAPSHOT/shrinkwrap-descriptors-cli-1.2.0-alpha-2-SNAPSHOT.pom
[INFO] Installing /home/bfr/shrinkdesc/SHRINKDESC-93/descriptors/cli/target/shrinkwrap-descriptors-cli-1.2.0-alpha-2-SNAPSHOT-sources.jar to /home/bfr/.m2/repository/org/jboss/shrinkwrap/descriptors/shrinkwrap-descriptors-cli/1.2.0-alpha-2-SNAPSHOT/shrinkwrap-descriptors-cli-1.2.0-alpha-2-SNAPSHOT-sources.jar
[INFO] 
[INFO] --- maven-enforcer-plugin:1.0-beta-1:enforce (enforce-plugin-versions) @ shrinkwrap-descriptors-cli ---
[WARNING] This rule is not compatible with the current version of Maven. The rule is not able to perform any checks.
[INFO] 
[INFO] --- maven-enforcer-plugin:1.0-beta-1:enforce (enforce-java-version) @ shrinkwrap-descriptors-cli ---
[INFO] 
[INFO] --- maven-enforcer-plugin:1.0-beta-1:enforce (enforce-maven-version) @ shrinkwrap-descriptors-cli ---
[INFO] 
[INFO] --- maven-enforcer-plugin:1.0-beta-1:enforce (enforce-maven-environment) @ shrinkwrap-descriptors-cli ---
[INFO] 
[INFO] --- build-helper-maven-plugin:1.7:add-source (add-source) @ shrinkwrap-descriptors-cli ---
[INFO] Source directory: /home/bfr/shrinkdesc/SHRINKDESC-93/descriptors/cli/target/ironjacamar/src/main/java added.
[INFO] 
[INFO] --- maven-resources-plugin:2.4.1:resources (default-resources) @ shrinkwrap-descriptors-cli ---
[INFO] Using 'UTF-8' encoding to copy filtered resources.
[INFO] Copying 4 resources
[INFO] 
[INFO] --- maven-compiler-plugin:2.3.2:compile (default-compile) @ shrinkwrap-descriptors-cli ---
[INFO] Compiling 110 source files to /home/bfr/shrinkdesc/SHRINKDESC-93/descriptors/cli/target/classes
[INFO] 
[INFO] --- build-helper-maven-plugin:1.7:add-test-source (add-test-source) @ shrinkwrap-descriptors-cli ---
[INFO] Test Source directory: /home/bfr/shrinkdesc/SHRINKDESC-93/descriptors/cli/target/ironjacamar/src/test/java added.
[INFO] 
[INFO] --- maven-resources-plugin:2.4.1:testResources (default-testResources) @ shrinkwrap-descriptors-cli ---
[INFO] Using 'UTF-8' encoding to copy filtered resources.
[INFO] Copying 12 resources
[INFO] 
[INFO] --- maven-compiler-plugin:2.3.2:testCompile (default-testCompile) @ shrinkwrap-descriptors-cli ---
[INFO] Compiling 50 source files to /home/bfr/shrinkdesc/SHRINKDESC-93/descriptors/cli/target/test-classes
[INFO] 
[INFO] --- maven-surefire-plugin:2.4.3:test (default-test) @ shrinkwrap-descriptors-cli ---
[INFO] Surefire report directory: /home/bfr/shrinkdesc/SHRINKDESC-93/descriptors/cli/target/surefire-reports

-------------------------------------------------------
 T E S T S
-------------------------------------------------------
Running org.jboss.shrinkwrap.descriptor.impl.datasources10.ExtensionTypeImplTestCase
Tests run: 3, Failures: 0, Errors: 0, Skipped: 0, Time elapsed: 0.041 sec
Running org.jboss.shrinkwrap.descriptor.impl.ironjacamar10.CredentialTypeImplTestCase
Tests run: 4, Failures: 0, Errors: 0, Skipped: 0, Time elapsed: 0.011 sec
Running org.jboss.shrinkwrap.descriptor.impl.ironjacamar10.XaPoolTypeImplTestCase
Tests run: 6, Failures: 0, Errors: 0, Skipped: 0, Time elapsed: 0.015 sec
Running org.jboss.shrinkwrap.descriptor.impl.datasources10.DriversTypeImplTestCase
Tests run: 2, Failures: 0, Errors: 0, Skipped: 0, Time elapsed: 0.007 sec
Running org.jboss.shrinkwrap.descriptor.impl.datasources10.ConfigPropertyTypeImplTestCase
Tests run: 3, Failures: 0, Errors: 0, Skipped: 0, Time elapsed: 0.007 sec
Running org.jboss.shrinkwrap.descriptor.impl.resourceadapters10.ValidationTypeImplTestCase
Tests run: 4, Failures: 0, Errors: 0, Skipped: 0, Time elapsed: 0.008 sec
Running org.jboss.shrinkwrap.descriptor.impl.datasources10.ConnectionPropertyTypeImplTestCase
Tests run: 2, Failures: 0, Errors: 0, Skipped: 0, Time elapsed: 0.005 sec
Running org.jboss.shrinkwrap.descriptor.impl.resourceadapters10.ResourceAdaptersTypeImplTestCase
Tests run: 2, Failures: 0, Errors: 0, Skipped: 0, Time elapsed: 0.006 sec
Running org.jboss.shrinkwrap.descriptor.impl.datasources10.XaDatasourcePropertyTypeImplTestCase
Tests run: 2, Failures: 0, Errors: 0, Skipped: 0, Time elapsed: 0.004 sec
Running org.jboss.shrinkwrap.descriptor.impl.ironjacamar10.SecurityTypeImplTestCase
Tests run: 4, Failures: 0, Errors: 0, Skipped: 0, Time elapsed: 0.007 sec
Running org.jboss.shrinkwrap.descriptor.impl.ironjacamar10.IronjacamarTypeImplTestCase
Tests run: 7, Failures: 0, Errors: 0, Skipped: 0, Time elapsed: 0.013 sec
Running org.jboss.shrinkwrap.descriptor.impl.ironjacamar10.RecoverTypeImplTestCase
Tests run: 4, Failures: 0, Errors: 0, Skipped: 0, Time elapsed: 0.007 sec
Running org.jboss.shrinkwrap.descriptor.impl.datasources10.XaDatasourceTypeImplTestCase
Tests run: 20, Failures: 0, Errors: 0, Skipped: 0, Time elapsed: 0.036 sec
Running org.jboss.shrinkwrap.descriptor.impl.ironjacamar10.ExtensionTypeImplTestCase
Tests run: 3, Failures: 0, Errors: 0, Skipped: 0, Time elapsed: 0.005 sec
Running org.jboss.shrinkwrap.descriptor.impl.resourceadapters10.AdminObjectsTypeImplTestCase
Tests run: 2, Failures: 0, Errors: 0, Skipped: 0, Time elapsed: 0.006 sec
Running org.jboss.shrinkwrap.descriptor.impl.datasources10.DatasourcesDescriptorImplTestCase
Tests run: 4, Failures: 0, Errors: 0, Skipped: 0, Time elapsed: 0.026 sec
Running org.jboss.shrinkwrap.descriptor.impl.datasources10.RecoverTypeImplTestCase
Tests run: 4, Failures: 0, Errors: 0, Skipped: 0, Time elapsed: 0.006 sec
Running org.jboss.shrinkwrap.descriptor.impl.resourceadapters10.ConfigPropertyTypeImplTestCase
Tests run: 3, Failures: 0, Errors: 0, Skipped: 0, Time elapsed: 0.006 sec
Running org.jboss.shrinkwrap.descriptor.impl.ironjacamar10.ValidationTypeImplTestCase
Tests run: 4, Failures: 0, Errors: 0, Skipped: 0, Time elapsed: 0.008 sec
Running org.jboss.shrinkwrap.descriptor.impl.datasources10.StatementTypeImplTestCase
Tests run: 4, Failures: 0, Errors: 0, Skipped: 0, Time elapsed: 0.008 sec
Running org.jboss.shrinkwrap.descriptor.impl.ironjacamar10.IronjacamarDescriptorImplTestCase
Tests run: 7, Failures: 0, Errors: 0, Skipped: 0, Time elapsed: 0.015 sec
Running org.jboss.shrinkwrap.descriptor.impl.resourceadapters10.XaPoolTypeImplTestCase
Tests run: 6, Failures: 0, Errors: 0, Skipped: 0, Time elapsed: 0.01 sec
Running org.jboss.shrinkwrap.descriptor.impl.ironjacamar10.ConfigPropertyTypeImplTestCase
Tests run: 3, Failures: 0, Errors: 0, Skipped: 0, Time elapsed: 0.004 sec
Running org.jboss.shrinkwrap.descriptor.impl.ironjacamar10.ConnectionDefintionTypeImplTestCase
Tests run: 14, Failures: 0, Errors: 0, Skipped: 0, Time elapsed: 0.015 sec
Running org.jboss.shrinkwrap.descriptor.impl.datasources10.DsSecurityTypeImplTestCase
Tests run: 5, Failures: 0, Errors: 0, Skipped: 0, Time elapsed: 0.006 sec
Running org.jboss.shrinkwrap.descriptor.impl.datasources10.DriverTypeImplTestCase
Tests run: 8, Failures: 0, Errors: 0, Skipped: 0, Time elapsed: 0.006 sec
Running org.jboss.shrinkwrap.descriptor.impl.resourceadapters10.SecurityTypeImplTestCase
Tests run: 4, Failures: 0, Errors: 0, Skipped: 0, Time elapsed: 0.004 sec
Running org.jboss.shrinkwrap.descriptor.impl.resourceadapters10.BeanValidationGroupsTypeImplTestCase
Tests run: 2, Failures: 0, Errors: 0, Skipped: 0, Time elapsed: 0.004 sec
Running org.jboss.shrinkwrap.descriptor.impl.datasources10.XaPoolTypeImplTestCase
Tests run: 6, Failures: 0, Errors: 0, Skipped: 0, Time elapsed: 0.008 sec
Running org.jboss.shrinkwrap.descriptor.impl.ironjacamar10.AdminObjectsTypeImplTestCase
Tests run: 2, Failures: 0, Errors: 0, Skipped: 0, Time elapsed: 0.005 sec
Running org.jboss.shrinkwrap.descriptor.impl.datasources10.ValidationTypeImplTestCase
Tests run: 9, Failures: 0, Errors: 0, Skipped: 0, Time elapsed: 0.012 sec
Running org.jboss.shrinkwrap.descriptor.impl.datasources10.DatasourceTypeImplTestCase
Tests run: 22, Failures: 0, Errors: 0, Skipped: 0, Time elapsed: 0.021 sec
Running org.jboss.shrinkwrap.descriptor.impl.ironjacamar10.AdminObjectTypeImplTestCase
Tests run: 7, Failures: 0, Errors: 0, Skipped: 0, Time elapsed: 0.005 sec
Running org.jboss.shrinkwrap.descriptor.impl.datasources10.PoolTypeImplTestCase
Tests run: 6, Failures: 0, Errors: 0, Skipped: 0, Time elapsed: 0.006 sec
Running org.jboss.shrinkwrap.descriptor.impl.ironjacamar10.TimeoutTypeImplTestCase
Tests run: 6, Failures: 0, Errors: 0, Skipped: 0, Time elapsed: 0.008 sec
Running org.jboss.shrinkwrap.descriptor.impl.datasources10.TimeoutTypeImplTestCase
Tests run: 9, Failures: 0, Errors: 0, Skipped: 0, Time elapsed: 0.012 sec
Running org.jboss.shrinkwrap.descriptor.impl.ironjacamar10.PoolTypeImplTestCase
Tests run: 6, Failures: 0, Errors: 0, Skipped: 0, Time elapsed: 0.013 sec
Running org.jboss.shrinkwrap.descriptor.impl.resourceadapters10.PoolTypeImplTestCase
Tests run: 6, Failures: 0, Errors: 0, Skipped: 0, Time elapsed: 0.01 sec
Running org.jboss.shrinkwrap.descriptor.impl.resourceadapters10.ConnectionDefintionTypeImplTestCase
Tests run: 14, Failures: 0, Errors: 0, Skipped: 0, Time elapsed: 0.014 sec
Running org.jboss.shrinkwrap.descriptor.impl.resourceadapters10.ResourceAdapterTypeImplTestCase
Tests run: 8, Failures: 0, Errors: 0, Skipped: 0, Time elapsed: 0.008 sec
Running org.jboss.shrinkwrap.descriptor.impl.resourceadapters10.TimeoutTypeImplTestCase
Tests run: 6, Failures: 0, Errors: 0, Skipped: 0, Time elapsed: 0.007 sec
Running org.jboss.shrinkwrap.descriptor.impl.resourceadapters10.ExtensionTypeImplTestCase
Tests run: 3, Failures: 0, Errors: 0, Skipped: 0, Time elapsed: 0.004 sec
Running org.jboss.shrinkwrap.descriptor.impl.resourceadapters10.CredentialTypeImplTestCase
Tests run: 4, Failures: 0, Errors: 0, Skipped: 0, Time elapsed: 0.005 sec
Running org.jboss.shrinkwrap.descriptor.impl.ironjacamar10.BeanValidationGroupsTypeImplTestCase
Tests run: 2, Failures: 0, Errors: 0, Skipped: 0, Time elapsed: 0.004 sec
Running org.jboss.shrinkwrap.descriptor.impl.resourceadapters10.ConnectionDefinitionsTypeImplTestCase
Tests run: 2, Failures: 0, Errors: 0, Skipped: 0, Time elapsed: 0.002 sec
Running org.jboss.shrinkwrap.descriptor.impl.resourceadapters10.RecoverTypeImplTestCase
Tests run: 4, Failures: 0, Errors: 0, Skipped: 0, Time elapsed: 0.004 sec
Running org.jboss.shrinkwrap.descriptor.impl.datasources10.DatasourcesTypeImplTestCase
Tests run: 4, Failures: 0, Errors: 0, Skipped: 0, Time elapsed: 0.004 sec
Running org.jboss.shrinkwrap.descriptor.impl.ironjacamar10.ConnectionDefinitionsTypeImplTestCase
Tests run: 2, Failures: 0, Errors: 0, Skipped: 0, Time elapsed: 0.003 sec
Running org.jboss.shrinkwrap.descriptor.impl.resourceadapters10.AdminObjectTypeImplTestCase
Tests run: 7, Failures: 0, Errors: 0, Skipped: 0, Time elapsed: 0.004 sec
Running org.jboss.shrinkwrap.descriptor.impl.resourceadapters10.ResourceAdaptersDescriptorImplTestCase
Tests run: 2, Failures: 0, Errors: 0, Skipped: 0, Time elapsed: 0.004 sec

Results :

Tests run: 273, Failures: 0, Errors: 0, Skipped: 0

[INFO] 
[INFO] >>> exec-maven-plugin:1.1.1:java (default) @ shrinkwrap-descriptors-cli >>>
[WARNING] The artifact saxon:saxon:jar:8.7 has been relocated to net.sf.saxon:saxon:jar:8.7
[INFO] 
[INFO] --- maven-enforcer-plugin:1.0-beta-1:enforce (enforce-plugin-versions) @ shrinkwrap-descriptors-cli ---
[WARNING] This rule is not compatible with the current version of Maven. The rule is not able to perform any checks.
[INFO] 
[INFO] --- maven-enforcer-plugin:1.0-beta-1:enforce (enforce-java-version) @ shrinkwrap-descriptors-cli ---
[INFO] 
[INFO] --- maven-enforcer-plugin:1.0-beta-1:enforce (enforce-maven-version) @ shrinkwrap-descriptors-cli ---
[INFO] 
[INFO] --- maven-enforcer-plugin:1.0-beta-1:enforce (enforce-maven-environment) @ shrinkwrap-descriptors-cli ---
[INFO] 
[INFO] <<< exec-maven-plugin:1.1.1:java (default) @ shrinkwrap-descriptors-cli <<<
[INFO] 
[INFO] --- exec-maven-plugin:1.1.1:java (default) @ shrinkwrap-descriptors-cli ---
11:08:29,293 INFO   - Temporary directory already exist. Reusing: /home/bfr/shrinkdesc/SHRINKDESC-93/descriptors/cli/target/ironjacamar
11:08:29,294 INFO   - Temporary directory already exist. Reusing: /home/bfr/shrinkdesc/SHRINKDESC-93/descriptors/cli/target/ironjacamar/xslt
11:08:29,294 INFO   - Temporary directory already exist. Reusing: /home/bfr/shrinkdesc/SHRINKDESC-93/descriptors/cli/target/ironjacamar/lib
Warning: at xsl:variable on line 1017 of file:/home/bfr/shrinkdesc/SHRINKDESC-93/descriptors/cli/../gen/src/main/resources/xslt/metadata.xsl:
  SXWN9001: A variable with no following sibling instructions has no effect
Warning: on line 407 of file:/home/bfr/shrinkdesc/SHRINKDESC-93/descriptors/cli/../gen/src/main/resources/xslt/metadata.xsl:
  The child axis starting at an attribute() node will never select anything
Recoverable error on line 28 of file:/home/bfr/shrinkdesc/SHRINKDESC-93/descriptors/cli/../gen/src/main/resources/xslt/metadata.xsl:
  FODC0005: java.io.FileNotFoundException:
  /home/bfr/shrinkdesc/SHRINKDESC-93/descriptors/cli/gen/src/main/resources/xslt/copyright.xml (No such file or directory)
Recoverable error on line 45 of file:/home/bfr/shrinkdesc/SHRINKDESC-93/descriptors/cli/../gen/src/main/resources/xslt/metadata.xsl:
  FODC0005: java.io.FileNotFoundException:
  /home/bfr/shrinkdesc/SHRINKDESC-93/descriptors/cli/src/test/resources/xml/contributors.xml
  (No such file or directory)
Metadata describing enum: transaction-supportType
Metadata describing enum: transaction-isolationType
Metadata describing enum: track-statementsType
Metadata describing enum: transaction-supportType
Metadata describing group: common-attribute
Metadata describing group: common-datasourceAttributes
Metadata describing group: common-attribute
Generating Enum: TransactionSupportType
Generating Enum: TransactionIsolationType
Generating Enum: TrackStatementsType
Generating Enum: TransactionSupportType
Generating Interface: ConfigPropertyType
Generating Interface: IronjacamarType
Generating Interface: AdminObjectType
Generating Interface: TimeoutType
Generating Interface: ValidationType
Generating Interface: ConnectionDefinitionsType
Generating Interface: ConnectionDefintionType
Generating Interface: PoolType
Generating Interface: XaPoolType
Generating Interface: SecurityType
Generating Interface: AdminObjectsType
Generating Interface: BeanValidationGroupsType
Generating Interface: RecoverType
Generating Interface: ExtensionType
Generating Interface: CredentialType
Generating Interface: DatasourcesType
Generating Interface: DatasourceType
Generating Interface: XaDatasourceType
Generating Interface: XaDatasourcePropertyType
Generating Interface: ConnectionPropertyType
Generating Interface: ValidationType
Generating Interface: TimeoutType
Generating Interface: StatementType
Generating Interface: PoolType
Generating Interface: XaPoolType
Generating Interface: DsSecurityType
Generating Interface: ExtensionType
Generating Interface: ConfigPropertyType
Generating Interface: RecoverType
Generating Interface: DriverType
Generating Interface: DriversType
Generating Interface: ConfigPropertyType
Generating Interface: ResourceAdapterType
Generating Interface: AdminObjectType
Generating Interface: TimeoutType
Generating Interface: ValidationType
Generating Interface: ResourceAdaptersType
Generating Interface: ConnectionDefinitionsType
Generating Interface: ConnectionDefintionType
Generating Interface: PoolType
Generating Interface: XaPoolType
Generating Interface: SecurityType
Generating Interface: AdminObjectsType
Generating Interface: BeanValidationGroupsType
Generating Interface: RecoverType
Generating Interface: ExtensionType
Generating Interface: CredentialType
Generating Descriptor Api: IronjacamarDescriptor
Generating Descriptor Api: DatasourcesDescriptor
Generating Descriptor Api: ResourceAdaptersDescriptor
Generating DescriptorImpl: IronjacamarDescriptorImpl
Generating DescriptorImpl: DatasourcesDescriptorImpl
Generating DescriptorImpl: ResourceAdaptersDescriptorImpl
Generating Implementation Class: ConfigPropertyTypeImpl
Generating Implementation Class: IronjacamarTypeImpl
Generating Implementation Class: AdminObjectTypeImpl
Generating Implementation Class: TimeoutTypeImpl
Generating Implementation Class: ValidationTypeImpl
Generating Implementation Class: ConnectionDefinitionsTypeImpl
Generating Implementation Class: ConnectionDefintionTypeImpl
Generating Implementation Class: PoolTypeImpl
Generating Implementation Class: XaPoolTypeImpl
Generating Implementation Class: SecurityTypeImpl
Generating Implementation Class: AdminObjectsTypeImpl
Generating Implementation Class: BeanValidationGroupsTypeImpl
Generating Implementation Class: RecoverTypeImpl
Generating Implementation Class: ExtensionTypeImpl
Generating Implementation Class: CredentialTypeImpl
Generating Implementation Class: DatasourcesTypeImpl
Generating Implementation Class: DatasourceTypeImpl
Generating Implementation Class: XaDatasourceTypeImpl
Generating Implementation Class: XaDatasourcePropertyTypeImpl
Generating Implementation Class: ConnectionPropertyTypeImpl
Generating Implementation Class: ValidationTypeImpl
Generating Implementation Class: TimeoutTypeImpl
Generating Implementation Class: StatementTypeImpl
Generating Implementation Class: PoolTypeImpl
Generating Implementation Class: XaPoolTypeImpl
Generating Implementation Class: DsSecurityTypeImpl
Generating Implementation Class: ExtensionTypeImpl
Generating Implementation Class: ConfigPropertyTypeImpl
Generating Implementation Class: RecoverTypeImpl
Generating Implementation Class: DriverTypeImpl
Generating Implementation Class: DriversTypeImpl
Generating Implementation Class: ConfigPropertyTypeImpl
Generating Implementation Class: ResourceAdapterTypeImpl
Generating Implementation Class: AdminObjectTypeImpl
Generating Implementation Class: TimeoutTypeImpl
Generating Implementation Class: ValidationTypeImpl
Generating Implementation Class: ResourceAdaptersTypeImpl
Generating Implementation Class: ConnectionDefinitionsTypeImpl
Generating Implementation Class: ConnectionDefintionTypeImpl
Generating Implementation Class: PoolTypeImpl
Generating Implementation Class: XaPoolTypeImpl
Generating Implementation Class: SecurityTypeImpl
Generating Implementation Class: AdminObjectsTypeImpl
Generating Implementation Class: BeanValidationGroupsTypeImpl
Generating Implementation Class: RecoverTypeImpl
Generating Implementation Class: ExtensionTypeImpl
Generating Implementation Class: CredentialTypeImpl
Generating Test Class: ConfigPropertyTypeImplTestCase
Generating Test Class: IronjacamarTypeImplTestCase
Generating Test Class: AdminObjectTypeImplTestCase
Generating Test Class: TimeoutTypeImplTestCase
Generating Test Class: ValidationTypeImplTestCase
Generating Test Class: ConnectionDefinitionsTypeImplTestCase
Generating Test Class: ConnectionDefintionTypeImplTestCase
Generating Test Class: PoolTypeImplTestCase
Generating Test Class: XaPoolTypeImplTestCase
Generating Test Class: SecurityTypeImplTestCase
Generating Test Class: AdminObjectsTypeImplTestCase
Generating Test Class: BeanValidationGroupsTypeImplTestCase
Generating Test Class: RecoverTypeImplTestCase
Generating Test Class: ExtensionTypeImplTestCase
Generating Test Class: CredentialTypeImplTestCase
Generating Test Class: DatasourcesTypeImplTestCase
Generating Test Class: DatasourceTypeImplTestCase
Generating Test Class: XaDatasourceTypeImplTestCase
Generating Test Class: XaDatasourcePropertyTypeImplTestCase
Generating Test Class: ConnectionPropertyTypeImplTestCase
Generating Test Class: ValidationTypeImplTestCase
Generating Test Class: TimeoutTypeImplTestCase
Generating Test Class: StatementTypeImplTestCase
Generating Test Class: PoolTypeImplTestCase
Generating Test Class: XaPoolTypeImplTestCase
Generating Test Class: DsSecurityTypeImplTestCase
Generating Test Class: ExtensionTypeImplTestCase
Generating Test Class: ConfigPropertyTypeImplTestCase
Generating Test Class: RecoverTypeImplTestCase
Generating Test Class: DriverTypeImplTestCase
Generating Test Class: DriversTypeImplTestCase
Generating Test Class: ConfigPropertyTypeImplTestCase
Generating Test Class: ResourceAdapterTypeImplTestCase
Generating Test Class: AdminObjectTypeImplTestCase
Generating Test Class: TimeoutTypeImplTestCase
Generating Test Class: ValidationTypeImplTestCase
Generating Test Class: ResourceAdaptersTypeImplTestCase
Generating Test Class: ConnectionDefinitionsTypeImplTestCase
Generating Test Class: ConnectionDefintionTypeImplTestCase
Generating Test Class: PoolTypeImplTestCase
Generating Test Class: XaPoolTypeImplTestCase
Generating Test Class: SecurityTypeImplTestCase
Generating Test Class: AdminObjectsTypeImplTestCase
Generating Test Class: BeanValidationGroupsTypeImplTestCase
Generating Test Class: RecoverTypeImplTestCase
Generating Test Class: ExtensionTypeImplTestCase
Generating Test Class: CredentialTypeImplTestCase
Generating Test Class: IronjacamarDescriptorImplTestCase
Generating Test Class: DatasourcesDescriptorImplTestCase
Generating Test Class: ResourceAdaptersDescriptorImplTestCase
Generating api package-info: src/main/java/org/jboss/shrinkwrap/descriptor/api/ironjacamar10/package-info.java
Generating api package-info: src/main/java/org/jboss/shrinkwrap/descriptor/api/datasources10/package-info.java
Generating api package-info: src/main/java/org/jboss/shrinkwrap/descriptor/api/resourceadapters10/package-info.java
Generating impl package-info: src/main/java/org/jboss/shrinkwrap/descriptor/impl/ironjacamar10/package-info.java
Generating impl package-info: src/main/java/org/jboss/shrinkwrap/descriptor/impl/datasources10/package-info.java
Generating impl package-info: src/main/java/org/jboss/shrinkwrap/descriptor/impl/resourceadapters10/package-info.java
[INFO] ------------------------------------------------------------------------
[INFO] BUILD SUCCESS
[INFO] ------------------------------------------------------------------------
[INFO] Total time: 12.331s
[INFO] Finished at: Sun Oct 02 11:08:30 CEST 2011
[INFO] Final Memory: 8M/147M
[INFO] ------------------------------------------------------------------------
